<?xml version="1.0" encoding="UTF-8"?>
<!-- Generated by org.testng.reporters.JUnitReportReporter -->
<testsuite name="com.epam.catalog.dao.DiskDAOTest" tests="12" time="0.138" ignored="0" failures="0" timestamp="08 Feb 2017 10:44:18 GMT" skipped="0" hostname="EPBYMINW3498" errors="0">
  <testcase name="findByAuthorNegativeTest" time="0.016" classname="com.epam.catalog.dao.DiskDAOTest"/>
  <testcase name="findByAuthorTest" time="0.000" classname="com.epam.catalog.dao.DiskDAOTest"/>
  <testcase name="findAllTest" time="0.006" classname="com.epam.catalog.dao.DiskDAOTest"/>
  <testcase name="findByYearTest" time="0.000" classname="com.epam.catalog.dao.DiskDAOTest"/>
  <testcase name="findByGenreNegativeTest" time="0.000" classname="com.epam.catalog.dao.DiskDAOTest"/>
  <testcase name="findByGenreTest" time="0.000" classname="com.epam.catalog.dao.DiskDAOTest"/>
  <testcase name="findByTextTest" time="0.000" classname="com.epam.catalog.dao.DiskDAOTest"/>
  <testcase name="findByTitleNegativeTest" time="0.000" classname="com.epam.catalog.dao.DiskDAOTest"/>
  <testcase name="addNewsTest" time="0.116" classname="com.epam.catalog.dao.DiskDAOTest"/>
  <testcase name="findByTitleTest" time="0.000" classname="com.epam.catalog.dao.DiskDAOTest"/>
  <testcase name="findByTextNegativeTest" time="0.000" classname="com.epam.catalog.dao.DiskDAOTest"/>
  <testcase name="findByYearNegativeTest" time="0.000" classname="com.epam.catalog.dao.DiskDAOTest"/>
</testsuite> <!-- com.epam.catalog.dao.DiskDAOTest -->
