<?xml version="1.0" encoding="UTF-8"?>
<!-- Generated by org.testng.reporters.JUnitReportReporter -->
<testsuite name="com.epam.catalog.dao.BookDAOTest" tests="14" time="0.187" ignored="0" failures="0" timestamp="10 Feb 2017 12:18:10 GMT" skipped="0" hostname="EPBYMINW3498" errors="0">
  <testcase name="addNewsTest" time="0.140" classname="com.epam.catalog.dao.BookDAOTest"/>
  <testcase name="findByYearNegativeTest" time="0.000" classname="com.epam.catalog.dao.BookDAOTest"/>
  <testcase name="findByAuthorTest" time="0.000" classname="com.epam.catalog.dao.BookDAOTest"/>
  <testcase name="findByGenreTest" time="0.000" classname="com.epam.catalog.dao.BookDAOTest"/>
  <testcase name="findByTextNegativeTest" time="0.000" classname="com.epam.catalog.dao.BookDAOTest"/>
  <testcase name="findAllTest" time="0.000" classname="com.epam.catalog.dao.BookDAOTest"/>
  <testcase name="findByYearTest" time="0.015" classname="com.epam.catalog.dao.BookDAOTest"/>
  <testcase name="findByTextTest" time="0.000" classname="com.epam.catalog.dao.BookDAOTest"/>
  <testcase name="findByTitleNegativeTest" time="0.016" classname="com.epam.catalog.dao.BookDAOTest"/>
  <testcase name="findByTitleTest" time="0.000" classname="com.epam.catalog.dao.BookDAOTest"/>
  <testcase name="findByGenreNegativeTest" time="0.000" classname="com.epam.catalog.dao.BookDAOTest"/>
  <testcase name="findByAuthorNegativeTest" time="0.000" classname="com.epam.catalog.dao.BookDAOTest"/>
  <testcase name="findByPagesNegativeTest" time="0.000" classname="com.epam.catalog.dao.BookDAOTest"/>
  <testcase name="findByPagesTest" time="0.016" classname="com.epam.catalog.dao.BookDAOTest"/>
</testsuite> <!-- com.epam.catalog.dao.BookDAOTest -->
