<?xml version="1.0" encoding="UTF-8"?>
<!-- Generated by org.testng.reporters.JUnitReportReporter -->
<testsuite name="com.epam.catalog.dao.FilmDAOTest" tests="12" time="0.167" ignored="0" failures="0" timestamp="08 Feb 2017 10:44:23 GMT" skipped="0" hostname="EPBYMINW3498" errors="0">
  <testcase name="findByAuthorNegativeTest" time="0.015" classname="com.epam.catalog.dao.FilmDAOTest"/>
  <testcase name="findByAuthorTest" time="0.016" classname="com.epam.catalog.dao.FilmDAOTest"/>
  <testcase name="findAllTest" time="0.000" classname="com.epam.catalog.dao.FilmDAOTest"/>
  <testcase name="findByYearTest" time="0.015" classname="com.epam.catalog.dao.FilmDAOTest"/>
  <testcase name="findByGenreNegativeTest" time="0.021" classname="com.epam.catalog.dao.FilmDAOTest"/>
  <testcase name="findByGenreTest" time="0.000" classname="com.epam.catalog.dao.FilmDAOTest"/>
  <testcase name="findByTextTest" time="0.000" classname="com.epam.catalog.dao.FilmDAOTest"/>
  <testcase name="findByTitleNegativeTest" time="0.015" classname="com.epam.catalog.dao.FilmDAOTest"/>
  <testcase name="addNewsTest" time="0.069" classname="com.epam.catalog.dao.FilmDAOTest"/>
  <testcase name="findByTitleTest" time="0.000" classname="com.epam.catalog.dao.FilmDAOTest"/>
  <testcase name="findByTextNegativeTest" time="0.016" classname="com.epam.catalog.dao.FilmDAOTest"/>
  <testcase name="findByYearNegativeTest" time="0.000" classname="com.epam.catalog.dao.FilmDAOTest"/>
</testsuite> <!-- com.epam.catalog.dao.FilmDAOTest -->
